<?xml version="1.0" encoding="UTF-8"?>
<!-- Generated by org.testng.reporters.JUnitXMLReporter -->
<testsuite hostname="AnnaMac-2.local" ignored="2" name="Unregistered Customer" tests="1" failures="0" timestamp="04 Aug 2017 00:05:31 GMT" time="29.936" errors="0">
  <testcase name="test_03_UC" time="16.367" classname="apilipen.potterybarnkids.www.tests.PBKtests"/>
  <testcase name="test_02_UC" time="0.0" classname="apilipen.potterybarnkids.www.tests.PBKtests">
    <ignored/>
  </testcase> <!-- test_02_UC -->
  <testcase name="test_01_UC" time="0.0" classname="apilipen.potterybarnkids.www.tests.PBKtests">
    <ignored/>
  </testcase> <!-- test_01_UC -->
</testsuite> <!-- Unregistered Customer -->
